<?xml version="1.0" encoding="UTF-8"?>
<!-- Generated by org.testng.reporters.JUnitXMLReporter -->
<testsuite hostname="KFAutie-S47" ignored="5" name="Default test" tests="3" failures="0" timestamp="19 Apr 2017 05:34:19 GMT" time="16.27" errors="0">
  <testcase name="navigateDeptDropDownTest" time="6.155" classname="com.wbl.test.AmazonHomePageTest"/>
  <testcase name="navigateDeptDropDownTest" time="4.128" classname="com.wbl.test.AmazonHomePageTest"/>
  <testcase name="navigateDeptDropDownTest" time="5.368" classname="com.wbl.test.AmazonHomePageTest"/>
  <testcase name="getDeptDropDownCountTest" time="0.0" classname="com.wbl.test.AmazonHomePageTest">
    <ignored/>
  </testcase> <!-- getDeptDropDownCountTest -->
  <testcase name="tryPrimeTest" time="0.0" classname="com.wbl.test.AmazonHomePageTest">
    <ignored/>
  </testcase> <!-- tryPrimeTest -->
  <testcase name="createAccountPageTest" time="0.0" classname="com.wbl.test.AmazonHomePageTest">
    <ignored/>
  </testcase> <!-- createAccountPageTest -->
  <testcase name="getAccountDetailsTest" time="0.0" classname="com.wbl.test.AmazonHomePageTest">
    <ignored/>
  </testcase> <!-- getAccountDetailsTest -->
  <testcase name="getSignInTest" time="0.0" classname="com.wbl.test.AmazonHomePageTest">
    <ignored/>
  </testcase> <!-- getSignInTest -->
</testsuite> <!-- Default test -->
