<?xml version="1.0" encoding="UTF-8"?>
<!-- Generated by org.testng.reporters.JUnitXMLReporter -->
<testsuite hostname="KFAutie-S47" ignored="5" name="Default test" tests="2" failures="0" timestamp="19 Apr 2017 22:02:51 GMT" time="19.714" errors="0">
  <testcase name="dropDownChoiceTest1" time="7.884" classname="com.wbl.test.AmazonSearchTest"/>
  <testcase name="dropDownChoiceTest1" time="10.919" classname="com.wbl.test.AmazonSearchTest"/>
  <testcase name="allDropDownTest" time="0.0" classname="com.wbl.test.AmazonSearchTest">
    <ignored/>
  </testcase> <!-- allDropDownTest -->
  <testcase name="sortChoiceTest" time="0.0" classname="com.wbl.test.AmazonSearchTest">
    <ignored/>
  </testcase> <!-- sortChoiceTest -->
  <testcase name="searchResultsTest" time="0.0" classname="com.wbl.test.AmazonSearchTest">
    <ignored/>
  </testcase> <!-- searchResultsTest -->
  <testcase name="dropDownChoiceTest" time="0.0" classname="com.wbl.test.AmazonSearchTest">
    <ignored/>
  </testcase> <!-- dropDownChoiceTest -->
  <testcase name="allDropDownTest1" time="0.0" classname="com.wbl.test.AmazonSearchTest">
    <ignored/>
  </testcase> <!-- allDropDownTest1 -->
</testsuite> <!-- Default test -->
