<?xml version="1.0" encoding="UTF-8"?>
<!-- Generated by org.testng.reporters.JUnitXMLReporter -->
<testsuite hostname="KFAutie-S47" ignored="5" name="AccountsAndListDropDownTest" tests="5" failures="0" timestamp="19 Apr 2017 17:18:14 GMT" time="36.301" errors="0">
  <testcase name="getAccountDetailsTest" time="8.136" classname="com.wbl.test.AmazonHomePageTest"/>
  <testcase name="getAccountDetailsTest" time="7.254" classname="com.wbl.test.AmazonHomePageTest"/>
  <testcase name="getAccountDetailsTest" time="6.818" classname="com.wbl.test.AmazonHomePageTest"/>
  <testcase name="getAccountDetailsTest" time="7.135" classname="com.wbl.test.AmazonHomePageTest"/>
  <testcase name="getAccountDetailsTest" time="6.877" classname="com.wbl.test.AmazonHomePageTest"/>
  <testcase name="getDeptDropDownCountTest" time="0.0" classname="com.wbl.test.AmazonHomePageTest">
    <ignored/>
  </testcase> <!-- getDeptDropDownCountTest -->
  <testcase name="tryPrimeTest" time="0.0" classname="com.wbl.test.AmazonHomePageTest">
    <ignored/>
  </testcase> <!-- tryPrimeTest -->
  <testcase name="createAccountPageTest" time="0.0" classname="com.wbl.test.AmazonHomePageTest">
    <ignored/>
  </testcase> <!-- createAccountPageTest -->
  <testcase name="getSignInTest" time="0.0" classname="com.wbl.test.AmazonHomePageTest">
    <ignored/>
  </testcase> <!-- getSignInTest -->
  <testcase name="navigateDeptDropDownTest" time="0.0" classname="com.wbl.test.AmazonHomePageTest">
    <ignored/>
  </testcase> <!-- navigateDeptDropDownTest -->
</testsuite> <!-- AccountsAndListDropDownTest -->
