<?xml version="1.0" encoding="UTF-8"?>
<!-- Generated by org.testng.reporters.JUnitXMLReporter -->
<testsuite hostname="KFAutie-S47" ignored="1" name="AddToCartFunctionalityTest" tests="9" failures="1" timestamp="19 Apr 2017 15:36:27 GMT" time="0.931" errors="0">
  <testcase name="addItemTest" time="0.007" classname="com.wbl.test.AmazonAddToCartTest">
    <failure type="java.lang.NullPointerException">
      <![CDATA[java.lang.NullPointerException
	at com.wbl.test.AmazonAddToCartTest.addItemTest(AmazonAddToCartTest.java:119)
... Removed 25 stack frames]]>
    </failure>
  </testcase> <!-- addItemTest -->
  <testcase name="addSizeTest" time="0.0" classname="com.wbl.test.AmazonAddToCartTest">
    <skipped/>
  </testcase> <!-- addSizeTest -->
  <testcase name="addColorTest" time="0.0" classname="com.wbl.test.AmazonAddToCartTest">
    <skipped/>
  </testcase> <!-- addColorTest -->
  <testcase name="addQuantityTest" time="0.0" classname="com.wbl.test.AmazonAddToCartTest">
    <skipped/>
  </testcase> <!-- addQuantityTest -->
  <testcase name="addShippingTest" time="0.0" classname="com.wbl.test.AmazonAddToCartTest">
    <skipped/>
  </testcase> <!-- addShippingTest -->
  <testcase name="addAreaCodeTest" time="0.0" classname="com.wbl.test.AmazonAddToCartTest">
    <skipped/>
  </testcase> <!-- addAreaCodeTest -->
  <testcase name="addToCartButtonTest" time="0.0" classname="com.wbl.test.AmazonAddToCartTest">
    <skipped/>
  </testcase> <!-- addToCartButtonTest -->
  <testcase name="updatingCartPageTest" time="0.0" classname="com.wbl.test.AmazonAddToCartTest">
    <skipped/>
  </testcase> <!-- updatingCartPageTest -->
  <testcase name="viewCartPageTest" time="0.0" classname="com.wbl.test.AmazonAddToCartTest">
    <skipped/>
  </testcase> <!-- viewCartPageTest -->
  <testcase name="addItemsToCartTest" time="0.0" classname="com.wbl.test.AmazonAddToCartTest">
    <ignored/>
  </testcase> <!-- addItemsToCartTest -->
</testsuite> <!-- AddToCartFunctionalityTest -->
