<?xml version="1.0" encoding="UTF-8"?>
<!-- Generated by org.testng.reporters.JUnitXMLReporter -->
<testsuite hostname="KFAutie-S47" ignored="5" name="createAccountPageTest" tests="1" failures="1" timestamp="19 Apr 2017 05:20:17 GMT" time="1.048" errors="0">
  <testcase name="createAccountPageTest" time="1.036" classname="com.wbl.test.AmazonHomePageTest">
    <failure type="java.lang.NullPointerException">
      <![CDATA[java.lang.NullPointerException
	at com.google.common.base.Preconditions.checkNotNull(Preconditions.java:770)
	at org.openqa.selenium.support.ui.FluentWait.<init>(FluentWait.java:96)
	at org.openqa.selenium.support.ui.WebDriverWait.<init>(WebDriverWait.java:71)
	at org.openqa.selenium.support.ui.WebDriverWait.<init>(WebDriverWait.java:45)
	at com.wbl.page.AmazonHomePage.createAccountPage(AmazonHomePage.java:128)
	at com.wbl.test.AmazonHomePageTest.createAccountPageTest(AmazonHomePageTest.java:141)
... Removed 25 stack frames]]>
    </failure>
  </testcase> <!-- createAccountPageTest -->
  <testcase name="getDeptDropDownCountTest" time="0.0" classname="com.wbl.test.AmazonHomePageTest">
    <ignored/>
  </testcase> <!-- getDeptDropDownCountTest -->
  <testcase name="tryPrimeTest" time="0.0" classname="com.wbl.test.AmazonHomePageTest">
    <ignored/>
  </testcase> <!-- tryPrimeTest -->
  <testcase name="getAccountDetailsTest" time="0.0" classname="com.wbl.test.AmazonHomePageTest">
    <ignored/>
  </testcase> <!-- getAccountDetailsTest -->
  <testcase name="getSignInTest" time="0.0" classname="com.wbl.test.AmazonHomePageTest">
    <ignored/>
  </testcase> <!-- getSignInTest -->
  <testcase name="navigateDeptDropDownTest" time="0.0" classname="com.wbl.test.AmazonHomePageTest">
    <ignored/>
  </testcase> <!-- navigateDeptDropDownTest -->
</testsuite> <!-- createAccountPageTest -->
