<?xml version="1.0" encoding="UTF-8"?>
<!-- Generated by org.testng.reporters.JUnitXMLReporter -->
<testsuite hostname="KFAutie-S47" ignored="5" name="getDeptDropDownCountTest" tests="1" failures="1" timestamp="19 Apr 2017 21:32:59 GMT" time="0.003" errors="0">
  <testcase name="getDeptDropDownCountTest" time="0.001" classname="com.wbl.test.AmazonHomePageTest">
    <failure type="java.lang.NullPointerException">
      <![CDATA[java.lang.NullPointerException
	at com.wbl.test.AmazonHomePageTest.getDeptDropDownCountTest(AmazonHomePageTest.java:158)
... Removed 25 stack frames]]>
    </failure>
  </testcase> <!-- getDeptDropDownCountTest -->
  <testcase name="tryPrimeTest" time="0.0" classname="com.wbl.test.AmazonHomePageTest">
    <ignored/>
  </testcase> <!-- tryPrimeTest -->
  <testcase name="createAccountPageTest" time="0.0" classname="com.wbl.test.AmazonHomePageTest">
    <ignored/>
  </testcase> <!-- createAccountPageTest -->
  <testcase name="getAccountDetailsTest" time="0.0" classname="com.wbl.test.AmazonHomePageTest">
    <ignored/>
  </testcase> <!-- getAccountDetailsTest -->
  <testcase name="getSignInTest" time="0.0" classname="com.wbl.test.AmazonHomePageTest">
    <ignored/>
  </testcase> <!-- getSignInTest -->
  <testcase name="navigateDeptDropDownTest" time="0.0" classname="com.wbl.test.AmazonHomePageTest">
    <ignored/>
  </testcase> <!-- navigateDeptDropDownTest -->
</testsuite> <!-- getDeptDropDownCountTest -->
