<?xml version="1.0" encoding="UTF-8"?>
<!-- Generated by org.testng.reporters.JUnitXMLReporter -->
<testsuite hostname="KFAutie-S47" ignored="0" name="HomePageNavigationTest" tests="12" failures="12" timestamp="19 Apr 2017 05:20:19 GMT" time="1.797" errors="0">
  <testcase name="createAccountPageTest" time="1.008" classname="com.wbl.test.AmazonHomePageTest">
    <failure type="java.lang.NullPointerException">
      <![CDATA[java.lang.NullPointerException
	at com.google.common.base.Preconditions.checkNotNull(Preconditions.java:770)
	at org.openqa.selenium.support.ui.FluentWait.<init>(FluentWait.java:96)
	at org.openqa.selenium.support.ui.WebDriverWait.<init>(WebDriverWait.java:71)
	at org.openqa.selenium.support.ui.WebDriverWait.<init>(WebDriverWait.java:45)
	at com.wbl.page.AmazonHomePage.createAccountPage(AmazonHomePage.java:128)
	at com.wbl.test.AmazonHomePageTest.createAccountPageTest(AmazonHomePageTest.java:141)
... Removed 25 stack frames]]>
    </failure>
  </testcase> <!-- createAccountPageTest -->
  <testcase name="getAccountDetailsTest" time="0.001" classname="com.wbl.test.AmazonHomePageTest">
    <failure type="java.lang.NullPointerException">
      <![CDATA[java.lang.NullPointerException
	at com.wbl.test.AmazonHomePageTest.getAccountDetailsTest(AmazonHomePageTest.java:212)
... Removed 25 stack frames]]>
    </failure>
  </testcase> <!-- getAccountDetailsTest -->
  <testcase name="getAccountDetailsTest" time="0.001" classname="com.wbl.test.AmazonHomePageTest">
    <failure type="java.lang.NullPointerException">
      <![CDATA[java.lang.NullPointerException
	at com.wbl.test.AmazonHomePageTest.getAccountDetailsTest(AmazonHomePageTest.java:212)
... Removed 25 stack frames]]>
    </failure>
  </testcase> <!-- getAccountDetailsTest -->
  <testcase name="getAccountDetailsTest" time="0.001" classname="com.wbl.test.AmazonHomePageTest">
    <failure type="java.lang.NullPointerException">
      <![CDATA[java.lang.NullPointerException
	at com.wbl.test.AmazonHomePageTest.getAccountDetailsTest(AmazonHomePageTest.java:212)
... Removed 25 stack frames]]>
    </failure>
  </testcase> <!-- getAccountDetailsTest -->
  <testcase name="getAccountDetailsTest" time="0.001" classname="com.wbl.test.AmazonHomePageTest">
    <failure type="java.lang.NullPointerException">
      <![CDATA[java.lang.NullPointerException
	at com.wbl.test.AmazonHomePageTest.getAccountDetailsTest(AmazonHomePageTest.java:212)
... Removed 25 stack frames]]>
    </failure>
  </testcase> <!-- getAccountDetailsTest -->
  <testcase name="getAccountDetailsTest" time="0.001" classname="com.wbl.test.AmazonHomePageTest">
    <failure type="java.lang.NullPointerException">
      <![CDATA[java.lang.NullPointerException
	at com.wbl.test.AmazonHomePageTest.getAccountDetailsTest(AmazonHomePageTest.java:212)
... Removed 25 stack frames]]>
    </failure>
  </testcase> <!-- getAccountDetailsTest -->
  <testcase name="getDeptDropDownCountTest" time="0.001" classname="com.wbl.test.AmazonHomePageTest">
    <failure type="java.lang.NullPointerException">
      <![CDATA[java.lang.NullPointerException
	at com.wbl.test.AmazonHomePageTest.getDeptDropDownCountTest(AmazonHomePageTest.java:158)
... Removed 25 stack frames]]>
    </failure>
  </testcase> <!-- getDeptDropDownCountTest -->
  <testcase name="getSignInTest" time="0.001" classname="com.wbl.test.AmazonHomePageTest">
    <failure type="java.lang.NullPointerException">
      <![CDATA[java.lang.NullPointerException
	at com.wbl.test.AmazonHomePageTest.getSignInTest(AmazonHomePageTest.java:105)
... Removed 25 stack frames]]>
    </failure>
  </testcase> <!-- getSignInTest -->
  <testcase name="navigateDeptDropDownTest" time="0.001" classname="com.wbl.test.AmazonHomePageTest">
    <failure type="java.lang.NullPointerException">
      <![CDATA[java.lang.NullPointerException
	at com.wbl.test.AmazonHomePageTest.navigateDeptDropDownTest(AmazonHomePageTest.java:187)
... Removed 25 stack frames]]>
    </failure>
  </testcase> <!-- navigateDeptDropDownTest -->
  <testcase name="navigateDeptDropDownTest" time="0.001" classname="com.wbl.test.AmazonHomePageTest">
    <failure type="java.lang.NullPointerException">
      <![CDATA[java.lang.NullPointerException
	at com.wbl.test.AmazonHomePageTest.navigateDeptDropDownTest(AmazonHomePageTest.java:187)
... Removed 25 stack frames]]>
    </failure>
  </testcase> <!-- navigateDeptDropDownTest -->
  <testcase name="navigateDeptDropDownTest" time="0.001" classname="com.wbl.test.AmazonHomePageTest">
    <failure type="java.lang.NullPointerException">
      <![CDATA[java.lang.NullPointerException
	at com.wbl.test.AmazonHomePageTest.navigateDeptDropDownTest(AmazonHomePageTest.java:187)
... Removed 25 stack frames]]>
    </failure>
  </testcase> <!-- navigateDeptDropDownTest -->
  <testcase name="tryPrimeTest" time="0.001" classname="com.wbl.test.AmazonHomePageTest">
    <failure type="java.lang.NullPointerException">
      <![CDATA[java.lang.NullPointerException
	at com.wbl.test.AmazonHomePageTest.tryPrimeTest(AmazonHomePageTest.java:85)
... Removed 25 stack frames]]>
    </failure>
  </testcase> <!-- tryPrimeTest -->
</testsuite> <!-- HomePageNavigationTest -->
