<?xml version="1.0" encoding="UTF-8"?>
<!-- Generated by org.testng.reporters.JUnitXMLReporter -->
<testsuite hostname="KFAutie-S47" ignored="0" name="HomePageTest" tests="12" failures="0" timestamp="19 Apr 2017 05:40:55 GMT" time="82.438" errors="0">
  <testcase name="createAccountPageTest" time="2.608" classname="com.wbl.test.AmazonHomePageTest"/>
  <testcase name="getAccountDetailsTest" time="7.671" classname="com.wbl.test.AmazonHomePageTest"/>
  <testcase name="getAccountDetailsTest" time="7.434" classname="com.wbl.test.AmazonHomePageTest"/>
  <testcase name="getAccountDetailsTest" time="6.831" classname="com.wbl.test.AmazonHomePageTest"/>
  <testcase name="getAccountDetailsTest" time="7.437" classname="com.wbl.test.AmazonHomePageTest"/>
  <testcase name="getAccountDetailsTest" time="7.781" classname="com.wbl.test.AmazonHomePageTest"/>
  <testcase name="getDeptDropDownCountTest" time="6.344" classname="com.wbl.test.AmazonHomePageTest"/>
  <testcase name="getSignInTest" time="12.594" classname="com.wbl.test.AmazonHomePageTest"/>
  <testcase name="navigateDeptDropDownTest" time="9.063" classname="com.wbl.test.AmazonHomePageTest"/>
  <testcase name="navigateDeptDropDownTest" time="3.672" classname="com.wbl.test.AmazonHomePageTest"/>
  <testcase name="navigateDeptDropDownTest" time="5.523" classname="com.wbl.test.AmazonHomePageTest"/>
  <testcase name="tryPrimeTest" time="4.887" classname="com.wbl.test.AmazonHomePageTest"/>
</testsuite> <!-- HomePageTest -->
