<?xml version="1.0" encoding="UTF-8"?>
<!-- Generated by org.testng.reporters.JUnitXMLReporter -->
<testsuite hostname="KFAutie-S47" ignored="0" name="HomePageTest" tests="12" failures="0" timestamp="19 Apr 2017 17:24:06 GMT" time="63.962" errors="0">
  <testcase name="createAccountPageTest" time="4.512" classname="com.wbl.test.AmazonHomePageTest"/>
  <testcase name="getAccountDetailsTest" time="7.327" classname="com.wbl.test.AmazonHomePageTest"/>
  <testcase name="getAccountDetailsTest" time="7.076" classname="com.wbl.test.AmazonHomePageTest"/>
  <testcase name="getAccountDetailsTest" time="7.035" classname="com.wbl.test.AmazonHomePageTest"/>
  <testcase name="getAccountDetailsTest" time="7.262" classname="com.wbl.test.AmazonHomePageTest"/>
  <testcase name="getAccountDetailsTest" time="6.781" classname="com.wbl.test.AmazonHomePageTest"/>
  <testcase name="getDeptDropDownCountTest" time="2.586" classname="com.wbl.test.AmazonHomePageTest"/>
  <testcase name="getSignInTest" time="2.451" classname="com.wbl.test.AmazonHomePageTest"/>
  <testcase name="navigateDeptDropDownTest" time="4.34" classname="com.wbl.test.AmazonHomePageTest"/>
  <testcase name="navigateDeptDropDownTest" time="4.102" classname="com.wbl.test.AmazonHomePageTest"/>
  <testcase name="navigateDeptDropDownTest" time="4.672" classname="com.wbl.test.AmazonHomePageTest"/>
  <testcase name="tryPrimeTest" time="5.229" classname="com.wbl.test.AmazonHomePageTest"/>
</testsuite> <!-- HomePageTest -->
