<?xml version="1.0" encoding="UTF-8"?>
<!-- Generated by org.testng.reporters.JUnitXMLReporter -->
<testsuite hostname="KFAutie-S47" ignored="0" name="LoginTest" tests="2" failures="0" timestamp="15 Apr 2017 06:30:44 GMT" time="0.876" errors="0">
  <testcase name="@BeforeClass before" time="0.0" classname="com.wbl.test.AmazonLoginTest">
    <failure type="java.lang.NullPointerException">
      <![CDATA[java.lang.NullPointerException
	at com.google.common.base.Preconditions.checkNotNull(Preconditions.java:770)
	at org.openqa.selenium.support.ui.FluentWait.<init>(FluentWait.java:96)
	at org.openqa.selenium.support.ui.WebDriverWait.<init>(WebDriverWait.java:71)
	at org.openqa.selenium.support.ui.WebDriverWait.<init>(WebDriverWait.java:45)
	at com.wbl.page.AmazonHomePage.getSignInPage(AmazonHomePage.java:152)
	at com.wbl.test.AmazonLoginTest.before(AmazonLoginTest.java:28)
... Removed 25 stack frames]]>
    </failure>
  </testcase> <!-- @BeforeClass before -->
  <testcase name="enterLoginDetailsTest" time="0.001" classname="com.wbl.test.AmazonLoginTest">
    <skipped/>
  </testcase> <!-- enterLoginDetailsTest -->
  <testcase name="enterLoginDetailsTest" time="0.001" classname="com.wbl.test.AmazonLoginTest">
    <skipped/>
  </testcase> <!-- enterLoginDetailsTest -->
</testsuite> <!-- LoginTest -->
