<?xml version="1.0" encoding="UTF-8"?>
<!-- Generated by org.testng.reporters.JUnitXMLReporter -->
<testsuite hostname="KFAutie-S47" ignored="9" name="MultiRecordsPageFunctionalityTest" tests="2" failures="0" timestamp="19 Apr 2017 17:16:30 GMT" time="140.524" errors="0">
  <testcase name="addItemsToCartTest" time="94.367" classname="com.wbl.test.AmazonAddToCartTest"/>
  <testcase name="addItemsToCartTest" time="45.391" classname="com.wbl.test.AmazonAddToCartTest"/>
  <testcase name="updatingCartPageTest" time="0.0" classname="com.wbl.test.AmazonAddToCartTest">
    <ignored/>
  </testcase> <!-- updatingCartPageTest -->
  <testcase name="addColorTest" time="0.0" classname="com.wbl.test.AmazonAddToCartTest">
    <ignored/>
  </testcase> <!-- addColorTest -->
  <testcase name="addShippingTest" time="0.0" classname="com.wbl.test.AmazonAddToCartTest">
    <ignored/>
  </testcase> <!-- addShippingTest -->
  <testcase name="addSizeTest" time="0.0" classname="com.wbl.test.AmazonAddToCartTest">
    <ignored/>
  </testcase> <!-- addSizeTest -->
  <testcase name="addQuantityTest" time="0.0" classname="com.wbl.test.AmazonAddToCartTest">
    <ignored/>
  </testcase> <!-- addQuantityTest -->
  <testcase name="addItemTest" time="0.0" classname="com.wbl.test.AmazonAddToCartTest">
    <ignored/>
  </testcase> <!-- addItemTest -->
  <testcase name="addToCartButtonTest" time="0.0" classname="com.wbl.test.AmazonAddToCartTest">
    <ignored/>
  </testcase> <!-- addToCartButtonTest -->
  <testcase name="viewCartPageTest" time="0.0" classname="com.wbl.test.AmazonAddToCartTest">
    <ignored/>
  </testcase> <!-- viewCartPageTest -->
  <testcase name="addAreaCodeTest" time="0.0" classname="com.wbl.test.AmazonAddToCartTest">
    <ignored/>
  </testcase> <!-- addAreaCodeTest -->
</testsuite> <!-- MultiRecordsPageFunctionalityTest -->
