<?xml version="1.0" encoding="UTF-8"?>
<!-- Generated by org.testng.reporters.JUnitXMLReporter -->
<testsuite hostname="KFAutie-S47" ignored="5" name="NavigateDeptDropDown" tests="5" failures="0" timestamp="19 Apr 2017 05:44:06 GMT" time="65.064" errors="0">
  <testcase name="getAccountDetailsTest" time="36.709" classname="com.wbl.test.AmazonHomePageTest"/>
  <testcase name="getAccountDetailsTest" time="6.99" classname="com.wbl.test.AmazonHomePageTest"/>
  <testcase name="getAccountDetailsTest" time="6.76" classname="com.wbl.test.AmazonHomePageTest"/>
  <testcase name="getAccountDetailsTest" time="7.128" classname="com.wbl.test.AmazonHomePageTest"/>
  <testcase name="getAccountDetailsTest" time="6.68" classname="com.wbl.test.AmazonHomePageTest"/>
  <testcase name="getDeptDropDownCountTest" time="0.0" classname="com.wbl.test.AmazonHomePageTest">
    <ignored/>
  </testcase> <!-- getDeptDropDownCountTest -->
  <testcase name="tryPrimeTest" time="0.0" classname="com.wbl.test.AmazonHomePageTest">
    <ignored/>
  </testcase> <!-- tryPrimeTest -->
  <testcase name="createAccountPageTest" time="0.0" classname="com.wbl.test.AmazonHomePageTest">
    <ignored/>
  </testcase> <!-- createAccountPageTest -->
  <testcase name="getSignInTest" time="0.0" classname="com.wbl.test.AmazonHomePageTest">
    <ignored/>
  </testcase> <!-- getSignInTest -->
  <testcase name="navigateDeptDropDownTest" time="0.0" classname="com.wbl.test.AmazonHomePageTest">
    <ignored/>
  </testcase> <!-- navigateDeptDropDownTest -->
</testsuite> <!-- NavigateDeptDropDown -->
