<?xml version="1.0" encoding="UTF-8"?>
<!-- Generated by org.testng.reporters.JUnitXMLReporter -->
<testsuite hostname="KFAutie-S47" ignored="5" name="NavigateDeptDropDown" tests="2" failures="0" timestamp="19 Apr 2017 21:37:06 GMT" time="6.386" errors="0">
  <testcase name="allDropDownTest" time="3.44" classname="com.wbl.test.AmazonSearchTest"/>
  <testcase name="allDropDownTest" time="2.086" classname="com.wbl.test.AmazonSearchTest"/>
  <testcase name="dropDownChoiceTest1" time="0.0" classname="com.wbl.test.AmazonSearchTest">
    <ignored/>
  </testcase> <!-- dropDownChoiceTest1 -->
  <testcase name="sortChoiceTest" time="0.0" classname="com.wbl.test.AmazonSearchTest">
    <ignored/>
  </testcase> <!-- sortChoiceTest -->
  <testcase name="searchResultsTest" time="0.0" classname="com.wbl.test.AmazonSearchTest">
    <ignored/>
  </testcase> <!-- searchResultsTest -->
  <testcase name="allDropDownTest1" time="0.0" classname="com.wbl.test.AmazonSearchTest">
    <ignored/>
  </testcase> <!-- allDropDownTest1 -->
  <testcase name="dropDownChoiceTest" time="0.0" classname="com.wbl.test.AmazonSearchTest">
    <ignored/>
  </testcase> <!-- dropDownChoiceTest -->
</testsuite> <!-- NavigateDeptDropDown -->
