<?xml version="1.0" encoding="UTF-8"?>
<!-- Generated by org.testng.reporters.JUnitXMLReporter -->
<testsuite hostname="KFAutie-S47" ignored="5" name="test1" tests="2" failures="0" timestamp="19 Apr 2017 22:17:42 GMT" time="42.291" errors="0">
  <testcase name="searchResultsTest" time="25.765" classname="com.wbl.test.AmazonSearchTest"/>
  <testcase name="searchResultsTest" time="15.726" classname="com.wbl.test.AmazonSearchTest"/>
  <testcase name="allDropDownTest" time="0.0" classname="com.wbl.test.AmazonSearchTest">
    <ignored/>
  </testcase> <!-- allDropDownTest -->
  <testcase name="dropDownChoiceTest1" time="0.0" classname="com.wbl.test.AmazonSearchTest">
    <ignored/>
  </testcase> <!-- dropDownChoiceTest1 -->
  <testcase name="sortChoiceTest" time="0.0" classname="com.wbl.test.AmazonSearchTest">
    <ignored/>
  </testcase> <!-- sortChoiceTest -->
  <testcase name="dropDownChoiceTest" time="0.0" classname="com.wbl.test.AmazonSearchTest">
    <ignored/>
  </testcase> <!-- dropDownChoiceTest -->
  <testcase name="allDropDownTest1" time="0.0" classname="com.wbl.test.AmazonSearchTest">
    <ignored/>
  </testcase> <!-- allDropDownTest1 -->
</testsuite> <!-- test1 -->
