<?xml version="1.0" encoding="UTF-8"?>
<!-- Generated by org.testng.reporters.JUnitXMLReporter -->
<testsuite hostname="KFAutie-S47" ignored="0" name="test2" tests="8" failures="8" timestamp="17 Apr 2017 20:30:17 GMT" time="0.313" errors="0">
  <testcase name="allDropDownTest" time="0.001" classname="com.wbl.test.AmazonSearchTest">
    <failure type="java.lang.NullPointerException">
      <![CDATA[java.lang.NullPointerException
	at com.wbl.page.AmazonSearch.allDropDown(AmazonSearch.java:43)
	at com.wbl.test.AmazonSearchTest.allDropDownTest(AmazonSearchTest.java:122)
... Removed 25 stack frames]]>
    </failure>
  </testcase> <!-- allDropDownTest -->
  <testcase name="allDropDownTest" time="0.004" classname="com.wbl.test.AmazonSearchTest">
    <failure type="java.lang.NullPointerException">
      <![CDATA[java.lang.NullPointerException
	at com.wbl.page.AmazonSearch.allDropDown(AmazonSearch.java:43)
	at com.wbl.test.AmazonSearchTest.allDropDownTest(AmazonSearchTest.java:122)
... Removed 25 stack frames]]>
    </failure>
  </testcase> <!-- allDropDownTest -->
  <testcase name="dropDownChoiceTest" time="0.002" classname="com.wbl.test.AmazonSearchTest">
    <failure type="java.lang.NullPointerException">
      <![CDATA[java.lang.NullPointerException
	at com.wbl.page.AmazonSearch.allDropDown(AmazonSearch.java:43)
	at com.wbl.test.AmazonSearchTest.dropDownChoiceTest(AmazonSearchTest.java:134)
... Removed 25 stack frames]]>
    </failure>
  </testcase> <!-- dropDownChoiceTest -->
  <testcase name="dropDownChoiceTest" time="0.004" classname="com.wbl.test.AmazonSearchTest">
    <failure type="java.lang.NullPointerException">
      <![CDATA[java.lang.NullPointerException
	at com.wbl.page.AmazonSearch.allDropDown(AmazonSearch.java:43)
	at com.wbl.test.AmazonSearchTest.dropDownChoiceTest(AmazonSearchTest.java:134)
... Removed 25 stack frames]]>
    </failure>
  </testcase> <!-- dropDownChoiceTest -->
  <testcase name="searchResultsTest" time="0.002" classname="com.wbl.test.AmazonSearchTest">
    <failure type="java.lang.NullPointerException">
      <![CDATA[java.lang.NullPointerException
	at com.wbl.page.AmazonSearch.allDropDown(AmazonSearch.java:43)
	at com.wbl.test.AmazonSearchTest.searchResultsTest(AmazonSearchTest.java:169)
... Removed 25 stack frames]]>
    </failure>
  </testcase> <!-- searchResultsTest -->
  <testcase name="searchResultsTest" time="0.002" classname="com.wbl.test.AmazonSearchTest">
    <failure type="java.lang.NullPointerException">
      <![CDATA[java.lang.NullPointerException
	at com.wbl.page.AmazonSearch.allDropDown(AmazonSearch.java:43)
	at com.wbl.test.AmazonSearchTest.searchResultsTest(AmazonSearchTest.java:169)
... Removed 25 stack frames]]>
    </failure>
  </testcase> <!-- searchResultsTest -->
  <testcase name="sortChoiceTest" time="0.002" classname="com.wbl.test.AmazonSearchTest">
    <failure type="java.lang.NullPointerException">
      <![CDATA[java.lang.NullPointerException
	at com.wbl.page.AmazonSearch.allDropDown(AmazonSearch.java:43)
	at com.wbl.test.AmazonSearchTest.sortChoiceTest(AmazonSearchTest.java:150)
... Removed 25 stack frames]]>
    </failure>
  </testcase> <!-- sortChoiceTest -->
  <testcase name="sortChoiceTest" time="0.001" classname="com.wbl.test.AmazonSearchTest">
    <failure type="java.lang.NullPointerException">
      <![CDATA[java.lang.NullPointerException
	at com.wbl.page.AmazonSearch.allDropDown(AmazonSearch.java:43)
	at com.wbl.test.AmazonSearchTest.sortChoiceTest(AmazonSearchTest.java:150)
... Removed 25 stack frames]]>
    </failure>
  </testcase> <!-- sortChoiceTest -->
</testsuite> <!-- test2 -->
