<?xml version="1.0" encoding="UTF-8"?>
<!-- Generated by org.testng.reporters.JUnitXMLReporter -->
<testsuite hostname="KFAutie-S47" ignored="3" name="test4" tests="2" failures="2" timestamp="19 Apr 2017 17:20:01 GMT" time="38.334" errors="0">
  <testcase name="searchResultsTest" time="34.027" classname="com.wbl.test.AmazonSearchTest">
    <failure type="java.lang.IllegalArgumentException" message="Cannot find elements when the XPath expression is null.">
      <![CDATA[java.lang.IllegalArgumentException: Cannot find elements when the XPath expression is null.
	at org.openqa.selenium.By.xpath(By.java:113)
	at com.wbl.helper.ByClass.getByObject(ByClass.java:63)
	at com.wbl.page.AmazonSearch.dropDownChoice(AmazonSearch.java:104)
	at com.wbl.test.AmazonSearchTest.searchResultsTest(AmazonSearchTest.java:154)
... Removed 25 stack frames]]>
    </failure>
  </testcase> <!-- searchResultsTest -->
  <testcase name="searchResultsTest" time="4.252" classname="com.wbl.test.AmazonSearchTest">
    <failure type="java.lang.IllegalArgumentException" message="Cannot find elements when the XPath expression is null.">
      <![CDATA[java.lang.IllegalArgumentException: Cannot find elements when the XPath expression is null.
	at org.openqa.selenium.By.xpath(By.java:113)
	at com.wbl.helper.ByClass.getByObject(ByClass.java:63)
	at com.wbl.page.AmazonSearch.dropDownChoice(AmazonSearch.java:104)
	at com.wbl.test.AmazonSearchTest.searchResultsTest(AmazonSearchTest.java:154)
... Removed 25 stack frames]]>
    </failure>
  </testcase> <!-- searchResultsTest -->
  <testcase name="allDropDownTest" time="0.0" classname="com.wbl.test.AmazonSearchTest">
    <ignored/>
  </testcase> <!-- allDropDownTest -->
  <testcase name="sortChoiceTest" time="0.0" classname="com.wbl.test.AmazonSearchTest">
    <ignored/>
  </testcase> <!-- sortChoiceTest -->
  <testcase name="dropDownChoiceTest" time="0.0" classname="com.wbl.test.AmazonSearchTest">
    <ignored/>
  </testcase> <!-- dropDownChoiceTest -->
</testsuite> <!-- test4 -->
