<?xml version="1.0" encoding="UTF-8"?>
<!-- Generated by org.testng.reporters.JUnitXMLReporter -->
<testsuite hostname="KFAutie-S47" ignored="2" name="test3" tests="4" failures="4" timestamp="17 Apr 2017 20:30:17 GMT" time="0.157" errors="0">
  <testcase name="sortChoiceTest" time="0.002" classname="com.wbl.test.AmazonSearchTest">
    <failure type="java.lang.NullPointerException">
      <![CDATA[java.lang.NullPointerException
	at com.wbl.page.AmazonSearch.allDropDown(AmazonSearch.java:43)
	at com.wbl.test.AmazonSearchTest.sortChoiceTest(AmazonSearchTest.java:150)
... Removed 25 stack frames]]>
    </failure>
  </testcase> <!-- sortChoiceTest -->
  <testcase name="sortChoiceTest" time="0.001" classname="com.wbl.test.AmazonSearchTest">
    <failure type="java.lang.NullPointerException">
      <![CDATA[java.lang.NullPointerException
	at com.wbl.page.AmazonSearch.allDropDown(AmazonSearch.java:43)
	at com.wbl.test.AmazonSearchTest.sortChoiceTest(AmazonSearchTest.java:150)
... Removed 25 stack frames]]>
    </failure>
  </testcase> <!-- sortChoiceTest -->
  <testcase name="searchResultsTest" time="0.001" classname="com.wbl.test.AmazonSearchTest">
    <failure type="java.lang.NullPointerException">
      <![CDATA[java.lang.NullPointerException
	at com.wbl.page.AmazonSearch.allDropDown(AmazonSearch.java:43)
	at com.wbl.test.AmazonSearchTest.searchResultsTest(AmazonSearchTest.java:169)
... Removed 25 stack frames]]>
    </failure>
  </testcase> <!-- searchResultsTest -->
  <testcase name="searchResultsTest" time="0.002" classname="com.wbl.test.AmazonSearchTest">
    <failure type="java.lang.NullPointerException">
      <![CDATA[java.lang.NullPointerException
	at com.wbl.page.AmazonSearch.allDropDown(AmazonSearch.java:43)
	at com.wbl.test.AmazonSearchTest.searchResultsTest(AmazonSearchTest.java:169)
... Removed 25 stack frames]]>
    </failure>
  </testcase> <!-- searchResultsTest -->
  <testcase name="allDropDownTest" time="0.0" classname="com.wbl.test.AmazonSearchTest">
    <ignored/>
  </testcase> <!-- allDropDownTest -->
  <testcase name="dropDownChoiceTest" time="0.0" classname="com.wbl.test.AmazonSearchTest">
    <ignored/>
  </testcase> <!-- dropDownChoiceTest -->
</testsuite> <!-- test3 -->
