<?xml version="1.0" encoding="UTF-8"?>
<testng-results skipped="0" failed="0" ignored="5" total="7" passed="2">
  <reporter-output>
  </reporter-output>
  <suite name="Suite" duration-ms="42291" started-at="2017-04-19T22:17:00Z" finished-at="2017-04-19T22:17:42Z">
    <groups>
    </groups>
    <test name="test1" duration-ms="42291" started-at="2017-04-19T22:17:00Z" finished-at="2017-04-19T22:17:42Z">
      <class name="com.wbl.test.AmazonSearchTest">
        <test-method status="PASS" signature="beforeSuite()[pri:0, instance:com.wbl.test.AmazonSearchTest@57fffcd7]" name="beforeSuite" is-config="true" duration-ms="28305" started-at="2017-04-19T15:16:31Z" finished-at="2017-04-19T15:17:00Z">
          <reporter-output>
          </reporter-output>
        </test-method> <!-- beforeSuite -->
        <test-method status="PASS" signature="before()[pri:0, instance:com.wbl.test.AmazonSearchTest@57fffcd7]" name="before" is-config="true" duration-ms="3" started-at="2017-04-19T15:17:00Z" finished-at="2017-04-19T15:17:00Z">
          <reporter-output>
          </reporter-output>
        </test-method> <!-- before -->
        <test-method status="PASS" signature="searchResultsTest(java.lang.String, java.lang.String, java.lang.String, java.lang.String, java.lang.String, java.lang.String, java.lang.String, java.lang.String, java.lang.String, java.lang.String, java.lang.String, java.lang.String, java.lang.String, java.lang.String, java.lang.String, java.lang.String, java.lang.String)[pri:0, instance:com.wbl.test.AmazonSearchTest@57fffcd7]" name="searchResultsTest" duration-ms="25765" started-at="2017-04-19T15:17:01Z" data-provider="clothing" finished-at="2017-04-19T15:17:26Z">
          <params>
            <param index="0">
              <value>
                <![CDATA[Clothing, Shoes & Jewelry]]>
              </value>
            </param>
            <param index="1">
              <value>
                <![CDATA[leather shoes]]>
              </value>
            </param>
            <param index="2">
              <value>
                <![CDATA[Men]]>
              </value>
            </param>
            <param index="3">
              <value>
                <![CDATA[$50 to $100]]>
              </value>
            </param>
            <param index="4">
              <value>
                <![CDATA[page,Next Page]]>
              </value>
            </param>
            <param index="5">
              <value>
                <![CDATA[text,Price: High to Low]]>
              </value>
            </param>
            <param index="6">
              <value>
                <![CDATA[Castellano Wingtip Oxford]]>
              </value>
            </param>
            <param index="7">
              <value>
                <![CDATA[native_size_name_4,5]]>
              </value>
            </param>
            <param index="8">
              <value>
                <![CDATA[brown,2]]>
              </value>
            </param>
            <param index="9">
              <value>
                <![CDATA[2]]>
              </value>
            </param>
            <param index="10">
              <value>
                <![CDATA[Y]]>
              </value>
            </param>
            <param index="11">
              <value>
                <![CDATA[94568]]>
              </value>
            </param>
            <param index="12">
              <value>
                <![CDATA[Amazon.com: leather shoes - $50 to $100 / Men: Clothing, Shoes & Jewelry]]>
              </value>
            </param>
            <param index="13">
              <value>
                <![CDATA[$100.00]]>
              </value>
            </param>
            <param index="14">
              <value>
                <![CDATA[2]]>
              </value>
            </param>
            <param index="15">
              <value>
                <![CDATA[Amazon.com | Florsheim Castellano Wingtip Oxford | Oxfords]]>
              </value>
            </param>
            <param index="16">
              <value>
                <![CDATA[Amazon.com | Florsheim Castellano Wingtip Oxford | Oxfords]]>
              </value>
            </param>
          </params>
          <reporter-output>
          </reporter-output>
        </test-method> <!-- searchResultsTest -->
        <test-method status="PASS" signature="searchResultsTest(java.lang.String, java.lang.String, java.lang.String, java.lang.String, java.lang.String, java.lang.String, java.lang.String, java.lang.String, java.lang.String, java.lang.String, java.lang.String, java.lang.String, java.lang.String, java.lang.String, java.lang.String, java.lang.String, java.lang.String)[pri:0, instance:com.wbl.test.AmazonSearchTest@57fffcd7]" name="searchResultsTest" duration-ms="15726" started-at="2017-04-19T15:17:26Z" data-provider="clothing" finished-at="2017-04-19T15:17:42Z">
          <params>
            <param index="0">
              <value>
                <![CDATA[Clothing, Shoes & Jewelry]]>
              </value>
            </param>
            <param index="1">
              <value>
                <![CDATA[dresses]]>
              </value>
            </param>
            <param index="2">
              <value>
                <![CDATA[Girls]]>
              </value>
            </param>
            <param index="3">
              <value>
                <![CDATA[Under $25]]>
              </value>
            </param>
            <param index="4">
              <value>
                <![CDATA[]]>
              </value>
            </param>
            <param index="5">
              <value>
                <![CDATA[text,Price: High to Low]]>
              </value>
            </param>
            <param index="6">
              <value>
                <![CDATA[Colorblock Poplin Dress]]>
              </value>
            </param>
            <param index="7">
              <value>
                <![CDATA[native_size_name_10,11]]>
              </value>
            </param>
            <param index="8">
              <value>
                <![CDATA[ ]]>
              </value>
            </param>
            <param index="9">
              <value>
                <![CDATA[1]]>
              </value>
            </param>
            <param index="10">
              <value>
                <![CDATA[N]]>
              </value>
            </param>
            <param index="11">
              <value>
                <![CDATA[94568]]>
              </value>
            </param>
            <param index="12">
              <value>
                <![CDATA[Amazon.com: Under $25 - Girls / Dresses for Women, Girls & Baby Girls: Clothing, Shoes & Jewelry]]>
              </value>
            </param>
            <param index="13">
              <value>
                <![CDATA[$25.00]]>
              </value>
            </param>
            <param index="14">
              <value>
                <![CDATA[Amazon.com: Under $25 - Girls / Dresses for Women, Girls & Baby Girls: Clothing, Shoes & Jewelry]]>
              </value>
            </param>
            <param index="15">
              <value>
                <![CDATA[Amazon.com: Under $25 - 4 Stars & Up / Girls / Dresses for Women, Girls & Baby Girls: Clothing, Shoes & Jewelry]]>
              </value>
            </param>
            <param index="16">
              <value>
                <![CDATA[Amazon.com: Bonnie Jean Girls' Colorblock Poplin Dress: Clothing]]>
              </value>
            </param>
          </params>
          <reporter-output>
          </reporter-output>
        </test-method> <!-- searchResultsTest -->
        <test-method status="PASS" signature="afterSuite()[pri:0, instance:com.wbl.test.AmazonSearchTest@57fffcd7]" name="afterSuite" is-config="true" duration-ms="0" started-at="2017-04-19T15:17:42Z" finished-at="2017-04-19T15:17:42Z">
          <reporter-output>
          </reporter-output>
        </test-method> <!-- afterSuite -->
      </class> <!-- com.wbl.test.AmazonSearchTest -->
    </test> <!-- test1 -->
  </suite> <!-- Suite -->
</testng-results>
